=== Setting up Emscripten ===
Installing Emscripten 5.0.0...
Resolving SDK version '5.0.0' to 'sdk-releases-e44d3cc557d78155966478aa2bd8dec657609619-64bit'
Installing SDK 'sdk-releases-e44d3cc557d78155966478aa2bd8dec657609619-64bit'..
Skipped installing node-22.16.0-64bit, already installed.
Skipped installing releases-e44d3cc557d78155966478aa2bd8dec657609619-64bit, already installed.
All SDK components already installed: 'sdk-releases-e44d3cc557d78155966478aa2bd8dec657609619-64bit'.
Activating Emscripten 5.0.0...
Resolving SDK version '5.0.0' to 'sdk-releases-e44d3cc557d78155966478aa2bd8dec657609619-64bit'
Setting the following tools as active:
   node-22.16.0-64bit
   releases-e44d3cc557d78155966478aa2bd8dec657609619-64bit

Next steps:
- To conveniently access emsdk tools from the command line,
  consider adding the following directories to your PATH:
    /data/user/lxp/docker/ffmpeg-build/emsdk
    /data/user/lxp/docker/ffmpeg-build/emsdk/upstream/emscripten
- This can be done for the current shell by running:
    source "/data/user/lxp/docker/ffmpeg-build/emsdk/emsdk_env.sh"
- Configure emsdk in your shell startup scripts by running:
    echo 'source "/data/user/lxp/docker/ffmpeg-build/emsdk/emsdk_env.sh"' >> $HOME/.bash_profile
Setting up EMSDK environment (suppress these messages with EMSDK_QUIET=1)
Setting environment variables:
emcc found: /data/user/lxp/docker/ffmpeg-build/emsdk/upstream/emscripten/emcc
=== Downloading FFmpeg ===
Configuring FFmpeg for WASM...
emcc is unable to create an executable file.
C compiler test failed.

If you think configure made a mistake, make sure you are using the latest
version from Git.  If the latest version fails, report the problem to the
ffmpeg-user@ffmpeg.org mailing list or IRC #ffmpeg on irc.libera.chat.
Include the log file "ffbuild/config.log" produced by configure as this will help
solve the problem.
